<?xml version="1.0" encoding="UTF-8"?>
<!-- Generated by org.testng.reporters.JUnitReportReporter -->
<testsuite hostname="DESKTOP-4SJACL6" failures="0" tests="1" name="restfulBooker.RestfulBooker" time="3.816" errors="0" timestamp="2024-08-18T12:43:51 EDT" skipped="0">
  <testcase classname="restfulBooker.RestfulBooker" name="testCreateBooking" time="3.816"/>
</testsuite> <!-- restfulBooker.RestfulBooker -->
