<?xml version="1.0" encoding="UTF-8"?>
<!-- Generated by org.testng.reporters.JUnitReportReporter -->
<testsuite hostname="DESKTOP-4SJACL6" failures="0" tests="4" name="day1.HTTPRequests" time="4.855" errors="0" timestamp="2024-10-06T22:03:54 EDT" skipped="0">
  <testcase classname="day1.HTTPRequests" name="getUser" time="3.394"/>
  <testcase classname="day1.HTTPRequests" name="createUser" time="0.831"/>
  <testcase classname="day1.HTTPRequests" name="updateUser" time="0.322"/>
  <testcase classname="day1.HTTPRequests" name="deleteUser" time="0.308"/>
</testsuite> <!-- day1.HTTPRequests -->
