<?xml version="1.0" encoding="UTF-8"?>
<!-- Generated by org.testng.reporters.JUnitReportReporter -->
<testsuite hostname="DESKTOP-4SJACL6" failures="0" tests="1" name="day3.PathAndQueryParamters" time="3.779" errors="0" timestamp="2024-10-07T12:40:54 EDT" skipped="0">
  <testcase classname="day3.PathAndQueryParamters" name="PathAndQuery" time="3.779"/>
</testsuite> <!-- day3.PathAndQueryParamters -->
