<?xml version="1.0" encoding="UTF-8"?>
<!-- Generated by org.testng.reporters.JUnitReportReporter -->
<testsuite hostname="DESKTOP-4SJACL6" failures="0" tests="1" name="day3.Headers" time="4.242" errors="0" timestamp="2024-10-07T13:46:58 EDT" skipped="0">
  <testcase classname="day3.Headers" name="HeadersInfo" time="4.242"/>
</testsuite> <!-- day3.Headers -->
