<?xml version="1.0" encoding="UTF-8"?>
<!-- Generated by org.testng.reporters.JUnitReportReporter -->
<testsuite hostname="DESKTOP-4SJACL6" failures="0" tests="2" name="day2.WaysToCreatePostRequestBody" time="3.946" errors="0" timestamp="2024-10-07T00:36:30 EDT" skipped="0">
  <testcase classname="day2.WaysToCreatePostRequestBody" name="createUserUsingExternalJson" time="3.669"/>
  <testcase classname="day2.WaysToCreatePostRequestBody" name="deleteUserUsingExternalJson" time="0.277"/>
</testsuite> <!-- day2.WaysToCreatePostRequestBody -->
