<?xml version="1.0" encoding="UTF-8"?>
<!-- Generated by org.testng.reporters.JUnitReportReporter -->
<testsuite hostname="DESKTOP-4SJACL6" failures="0" tests="1" name="day3.CookiesAndHeaders" time="4.573" errors="0" timestamp="2024-10-07T13:16:25 EDT" skipped="0">
  <testcase classname="day3.CookiesAndHeaders" name="cookiesInfo" time="4.573"/>
</testsuite> <!-- day3.CookiesAndHeaders -->
