<?xml version="1.0" encoding="UTF-8"?>
<!-- Generated by org.testng.reporters.JUnitReportReporter -->
<testsuite hostname="DESKTOP-4SJACL6" failures="0" tests="1" name="restfulBooker.TestPostAPI" time="3.306" errors="0" timestamp="2024-07-28T00:41:25 EDT" skipped="0">
  <testcase classname="restfulBooker.TestPostAPI" name="testSchema" time="3.306"/>
</testsuite> <!-- restfulBooker.TestPostAPI -->
