<?xml version="1.0" encoding="UTF-8"?>
<!-- Generated by org.testng.reporters.JUnitReportReporter -->
<testsuite hostname="DESKTOP-4SJACL6" failures="0" tests="1" name="com.orangehrm.PageTests.ViewSystemUsersPageTest" time="7.443" errors="0" timestamp="2024-07-08T18:06:27 EDT" skipped="0">
  <testcase classname="com.orangehrm.PageTests.ViewSystemUsersPageTest" name="validateLoginAndAdmin" time="7.443"/>
  <system-out/>
</testsuite> <!-- com.orangehrm.PageTests.ViewSystemUsersPageTest -->
