<?xml version="1.0" encoding="UTF-8"?>
<!-- Generated by org.testng.reporters.JUnitReportReporter -->
<testsuite hostname="DESKTOP-4SJACL6" failures="0" tests="1" name="com.orangehrm.PageTests.AddEmployeePageTest" time="9.431" errors="0" timestamp="2024-07-08T18:06:27 EDT" skipped="0">
  <testcase classname="com.orangehrm.PageTests.AddEmployeePageTest" name="validateLoginFunctionality" time="9.431"/>
  <system-out/>
</testsuite> <!-- com.orangehrm.PageTests.AddEmployeePageTest -->
