<?xml version="1.0" encoding="UTF-8"?>
<!-- Generated by org.testng.reporters.JUnitReportReporter -->
<testsuite hostname="DESKTOP-4SJACL6" failures="0" tests="1" name="com.naveenautomationpractice.PageTests.AddressBookPageTest" time="10.405" errors="0" timestamp="2024-07-23T21:05:56 EDT" skipped="0">
  <testcase classname="com.naveenautomationpractice.PageTests.AddressBookPageTest" name="LoginWithValidCredentialsAndAddAddress" time="10.405"/>
  <system-out/>
</testsuite> <!-- com.naveenautomationpractice.PageTests.AddressBookPageTest -->
