<?xml version="1.0" encoding="UTF-8"?>
<!-- Generated by org.testng.reporters.JUnitReportReporter -->
<testsuite hostname="DESKTOP-4SJACL6" failures="0" tests="1" name="com.naveenautomationpractice.PageTests.AccountLoginPageTest" time="12.258" errors="0" timestamp="2024-07-20T15:44:44 EDT" skipped="0">
  <testcase classname="com.naveenautomationpractice.PageTests.AccountLoginPageTest" name="validateLoginWithValidCredentials" time="12.258"/>
  <system-out/>
</testsuite> <!-- com.naveenautomationpractice.PageTests.AccountLoginPageTest -->
