<?xml version="1.0" encoding="UTF-8"?>
<!-- Generated by org.testng.reporters.JUnitReportReporter -->
<testsuite hostname="DESKTOP-4SJACL6" failures="0" tests="1" name="com.naveenautomationpractice.PageTests.MyWishListPageTest" time="11.543" errors="0" timestamp="2024-07-20T15:46:55 EDT" skipped="0">
  <testcase classname="com.naveenautomationpractice.PageTests.MyWishListPageTest" name="LoginWithValidCredentialsAndWishListRemove" time="11.543"/>
  <system-out/>
</testsuite> <!-- com.naveenautomationpractice.PageTests.MyWishListPageTest -->
