<?xml version="1.0" encoding="UTF-8"?>
<!-- Generated by org.testng.reporters.JUnitReportReporter -->
<testsuite hostname="DESKTOP-4SJACL6" failures="0" tests="1" name="sauceLabTest.SauceLabNaveenAutomation" time="19.947" errors="0" timestamp="2024-07-30T14:27:01 EDT" skipped="0">
  <testcase classname="sauceLabTest.SauceLabNaveenAutomation" name="validateLogin" time="19.947"/>
  <system-out/>
</testsuite> <!-- sauceLabTest.SauceLabNaveenAutomation -->
